<?xml version="1.0" encoding="UTF-8"?>
<!-- Generated by org.testng.reporters.JUnitXMLReporter -->
<testsuite hostname="LAPTOP-C0KD7D2E" ignored="0" name="Default test" tests="4" failures="0" timestamp="04 Dec 2018 09:28:40 GMT" time="0.103" errors="0">
  <testcase name="Sub" time="0.027" classname="com.qa.tests.ExecuteMaven"/>
  <testcase name="Sub2" time="0.004" classname="com.qa.tests.ExecuteMaven"/>
  <testcase name="Sub3" time="0.002" classname="com.qa.tests.ExecuteMaven"/>
  <testcase name="Sum" time="0.003" classname="com.qa.tests.ExecuteMaven"/>
</testsuite> <!-- Default test -->
