<?xml version="1.0" encoding="UTF-8"?>
<testng-results skipped="0" failed="0" ignored="0" total="4" passed="4">
  <reporter-output>
  </reporter-output>
  <suite name="Default suite" duration-ms="103" started-at="2018-12-04T09:28:40Z" finished-at="2018-12-04T09:28:40Z">
    <groups>
    </groups>
    <test name="Default test" duration-ms="103" started-at="2018-12-04T09:28:40Z" finished-at="2018-12-04T09:28:40Z">
      <class name="com.qa.tests.ExecuteMaven">
        <test-method status="PASS" signature="Sub()[pri:0, instance:com.qa.tests.ExecuteMaven@4501b7af]" name="Sub" duration-ms="27" started-at="2018-12-04T14:58:40Z" finished-at="2018-12-04T14:58:40Z">
          <reporter-output>
          </reporter-output>
        </test-method> <!-- Sub -->
        <test-method status="PASS" signature="Sub2()[pri:0, instance:com.qa.tests.ExecuteMaven@4501b7af]" name="Sub2" duration-ms="4" started-at="2018-12-04T14:58:40Z" finished-at="2018-12-04T14:58:40Z">
          <reporter-output>
          </reporter-output>
        </test-method> <!-- Sub2 -->
        <test-method status="PASS" signature="Sub3()[pri:0, instance:com.qa.tests.ExecuteMaven@4501b7af]" name="Sub3" duration-ms="2" started-at="2018-12-04T14:58:40Z" finished-at="2018-12-04T14:58:40Z">
          <reporter-output>
          </reporter-output>
        </test-method> <!-- Sub3 -->
        <test-method status="PASS" signature="Sum()[pri:0, instance:com.qa.tests.ExecuteMaven@4501b7af]" name="Sum" duration-ms="3" started-at="2018-12-04T14:58:40Z" finished-at="2018-12-04T14:58:40Z">
          <reporter-output>
          </reporter-output>
        </test-method> <!-- Sum -->
      </class> <!-- com.qa.tests.ExecuteMaven -->
    </test> <!-- Default test -->
  </suite> <!-- Default suite -->
</testng-results>
